# JRE version: OpenJDK Runtime Environment Temurin-21.0.10+7 (21.0.10+7) (build 21.0.10+7-LTS)
# Java VM: OpenJDK 64-Bit Server VM Temurin-21.0.10+7 (21.0.10+7-LTS, mixed mode, sharing, tiered, compressed oops, compressed class ptrs, parallel gc, windows-amd64)
GC Precious Log:
 CardTable entry size: 512
 CPUs: 8 total, 8 available
 Memory: 6017M
 Large Page Support: Disabled
 NUMA Support: Disabled
 Compressed Oops: Enabled (32-bit)
 Alignments: Space 512K, Generation 512K, Heap 2M
 Heap Min Capacity: 100M
 Heap Initial Capacity: 100M
 Heap Max Capacity: 2G
 Pre-touch: Disabled
 Parallel Workers: 8
Heap:
 PSYoungGen      total 5632K, used 2575K [0x00000000d5580000, 0x00000000d5c00000, 0x0000000100000000)
  eden space 4608K, 43% used [0x00000000d5580000,0x00000000d5773d18,0x00000000d5a00000)
  from space 1024K, 56% used [0x00000000d5b00000,0x00000000d5b90000,0x00000000d5c00000)
  to   space 1024K, 0% used [0x00000000d5a00000,0x00000000d5a00000,0x00000000d5b00000)
 ParOldGen       total 563200K, used 562704K [0x0000000080000000, 0x00000000a2600000, 0x00000000d5580000)
  object space 563200K, 99% used [0x0000000080000000,0x00000000a2584350,0x00000000a2600000)
 Metaspace       used 74327K, committed 75840K, reserved 1179648K
  class space    used 7856K, committed 8576K, reserved 1048576K
GC Heap History (20 events):
Event: 540.182 GC heap before
{Heap before GC invocations=740 (full 3):
 PSYoungGen      total 5120K, used 5115K [0x00000000d5580000, 0x00000000d5d80000, 0x0000000100000000)
  eden space 4608K, 100% used [0x00000000d5580000,0x00000000d5a00000,0x00000000d5a00000)
  from space 512K, 99% used [0x00000000d5b80000,0x00000000d5bfec08,0x00000000d5c00000)
  to   space 1536K, 0% used [0x00000000d5a00000,0x00000000d5a00000,0x00000000d5b80000)
 ParOldGen       total 558080K, used 557980K [0x0000000080000000, 0x00000000a2100000, 0x00000000d5580000)
  object space 558080K, 99% used [0x0000000080000000,0x00000000a20e7170,0x00000000a2100000)
 Metaspace       used 74325K, committed 75840K, reserved 1179648K
  class space    used 7856K, committed 8576K, reserved 1048576K
}
Event: 540.187 GC heap after
{Heap after GC invocations=740 (full 3):
 PSYoungGen      total 5632K, used 629K [0x00000000d5580000, 0x00000000d5c00000, 0x0000000100000000)
  eden space 4608K, 0% used [0x00000000d5580000,0x00000000d5580000,0x00000000d5a00000)
  from space 1024K, 61% used [0x00000000d5a00000,0x00000000d5a9d610,0x00000000d5b00000)
  to   space 1024K, 0% used [0x00000000d5b00000,0x00000000d5b00000,0x00000000d5c00000)
 ParOldGen       total 558592K, used 558527K [0x0000000080000000, 0x00000000a2180000, 0x00000000d5580000)
  object space 558592K, 99% used [0x0000000080000000,0x00000000a216fd78,0x00000000a2180000)
 Metaspace       used 74325K, committed 75840K, reserved 1179648K
  class space    used 7856K, committed 8576K, reserved 1048576K
}
Event: 540.207 GC heap before
{Heap before GC invocations=741 (full 3):
 PSYoungGen      total 5632K, used 5237K [0x00000000d5580000, 0x00000000d5c00000, 0x0000000100000000)
  eden space 4608K, 100% used [0x00000000d5580000,0x00000000d5a00000,0x00000000d5a00000)
  from space 1024K, 61% used [0x00000000d5a00000,0x00000000d5a9d610,0x00000000d5b00000)
  to   space 1024K, 0% used [0x00000000d5b00000,0x00000000d5b00000,0x00000000d5c00000)
 ParOldGen       total 558592K, used 558527K [0x0000000080000000, 0x00000000a2180000, 0x00000000d5580000)
  object space 558592K, 99% used [0x0000000080000000,0x00000000a216fd78,0x00000000a2180000)
 Metaspace       used 74325K, committed 75840K, reserved 1179648K
  class space    used 7856K, committed 8576K, reserved 1048576K
}
Event: 540.211 GC heap after
{Heap after GC invocations=741 (full 3):
 PSYoungGen      total 5632K, used 699K [0x00000000d5580000, 0x00000000d5c00000, 0x0000000100000000)
  eden space 4608K, 0% used [0x00000000d5580000,0x00000000d5580000,0x00000000d5a00000)
  from space 1024K, 68% used [0x00000000d5b00000,0x00000000d5baec08,0x00000000d5c00000)
  to   space 1024K, 0% used [0x00000000d5a00000,0x00000000d5a00000,0x00000000d5b00000)
 ParOldGen       total 559104K, used 559020K [0x0000000080000000, 0x00000000a2200000, 0x00000000d5580000)
  object space 559104K, 99% used [0x0000000080000000,0x00000000a21eb388,0x00000000a2200000)
 Metaspace       used 74325K, committed 75840K, reserved 1179648K
  class space    used 7856K, committed 8576K, reserved 1048576K
}
Event: 540.231 GC heap before
{Heap before GC invocations=742 (full 3):
 PSYoungGen      total 5632K, used 5307K [0x00000000d5580000, 0x00000000d5c00000, 0x0000000100000000)
  eden space 4608K, 100% used [0x00000000d5580000,0x00000000d5a00000,0x00000000d5a00000)
  from space 1024K, 68% used [0x00000000d5b00000,0x00000000d5baec08,0x00000000d5c00000)
  to   space 1024K, 0% used [0x00000000d5a00000,0x00000000d5a00000,0x00000000d5b00000)
 ParOldGen       total 559104K, used 559020K [0x0000000080000000, 0x00000000a2200000, 0x00000000d5580000)
  object space 559104K, 99% used [0x0000000080000000,0x00000000a21eb388,0x00000000a2200000)
 Metaspace       used 74325K, committed 75840K, reserved 1179648K
  class space    used 7856K, committed 8576K, reserved 1048576K
}
Event: 540.235 GC heap after
{Heap after GC invocations=742 (full 3):
 PSYoungGen      total 5632K, used 695K [0x00000000d5580000, 0x00000000d5c00000, 0x0000000100000000)
  eden space 4608K, 0% used [0x00000000d5580000,0x00000000d5580000,0x00000000d5a00000)
  from space 1024K, 67% used [0x00000000d5a00000,0x00000000d5aadf38,0x00000000d5b00000)
  to   space 1024K, 0% used [0x00000000d5b00000,0x00000000d5b00000,0x00000000d5c00000)
 ParOldGen       total 559616K, used 559599K [0x0000000080000000, 0x00000000a2280000, 0x00000000d5580000)
  object space 559616K, 99% used [0x0000000080000000,0x00000000a227bf90,0x00000000a2280000)
 Metaspace       used 74325K, committed 75840K, reserved 1179648K
  class space    used 7856K, committed 8576K, reserved 1048576K
}
Event: 540.250 GC heap before
{Heap before GC invocations=743 (full 3):
 PSYoungGen      total 5632K, used 5303K [0x00000000d5580000, 0x00000000d5c00000, 0x0000000100000000)
  eden space 4608K, 100% used [0x00000000d5580000,0x00000000d5a00000,0x00000000d5a00000)
  from space 1024K, 67% used [0x00000000d5a00000,0x00000000d5aadf38,0x00000000d5b00000)
  to   space 1024K, 0% used [0x00000000d5b00000,0x00000000d5b00000,0x00000000d5c00000)
 ParOldGen       total 559616K, used 559599K [0x0000000080000000, 0x00000000a2280000, 0x00000000d5580000)
  object space 559616K, 99% used [0x0000000080000000,0x00000000a227bf90,0x00000000a2280000)
 Metaspace       used 74325K, committed 75840K, reserved 1179648K
  class space    used 7856K, committed 8576K, reserved 1048576K
}
Event: 540.254 GC heap after
{Heap after GC invocations=743 (full 3):
 PSYoungGen      total 5632K, used 694K [0x00000000d5580000, 0x00000000d5c00000, 0x0000000100000000)
  eden space 4608K, 0% used [0x00000000d5580000,0x00000000d5580000,0x00000000d5a00000)
  from space 1024K, 67% used [0x00000000d5b00000,0x00000000d5bad808,0x00000000d5c00000)
  to   space 1024K, 0% used [0x00000000d5a00000,0x00000000d5a00000,0x00000000d5b00000)
 ParOldGen       total 560640K, used 560151K [0x0000000080000000, 0x00000000a2380000, 0x00000000d5580000)
  object space 560640K, 99% used [0x0000000080000000,0x00000000a2305f90,0x00000000a2380000)
 Metaspace       used 74325K, committed 75840K, reserved 1179648K
  class space    used 7856K, committed 8576K, reserved 1048576K
}
Event: 540.328 GC heap before
{Heap before GC invocations=744 (full 3):
 PSYoungGen      total 5632K, used 5302K [0x00000000d5580000, 0x00000000d5c00000, 0x0000000100000000)
  eden space 4608K, 100% used [0x00000000d5580000,0x00000000d5a00000,0x00000000d5a00000)
  from space 1024K, 67% used [0x00000000d5b00000,0x00000000d5bad808,0x00000000d5c00000)
  to   space 1024K, 0% used [0x00000000d5a00000,0x00000000d5a00000,0x00000000d5b00000)
 ParOldGen       total 560640K, used 560151K [0x0000000080000000, 0x00000000a2380000, 0x00000000d5580000)
  object space 560640K, 99% used [0x0000000080000000,0x00000000a2305f90,0x00000000a2380000)
 Metaspace       used 74325K, committed 75840K, reserved 1179648K
  class space    used 7856K, committed 8576K, reserved 1048576K
}
Event: 540.332 GC heap after
{Heap after GC invocations=744 (full 3):
 PSYoungGen      total 5632K, used 544K [0x00000000d5580000, 0x00000000d5c00000, 0x0000000100000000)
  eden space 4608K, 0% used [0x00000000d5580000,0x00000000d5580000,0x00000000d5a00000)
  from space 1024K, 53% used [0x00000000d5a00000,0x00000000d5a88000,0x00000000d5b00000)
  to   space 1024K, 0% used [0x00000000d5b00000,0x00000000d5b00000,0x00000000d5c00000)
 ParOldGen       total 561152K, used 560725K [0x0000000080000000, 0x00000000a2400000, 0x00000000d5580000)
  object space 561152K, 99% used [0x0000000080000000,0x00000000a2395798,0x00000000a2400000)
 Metaspace       used 74325K, committed 75840K, reserved 1179648K
  class space    used 7856K, committed 8576K, reserved 1048576K
}
Event: 540.348 GC heap before
{Heap before GC invocations=745 (full 3):
 PSYoungGen      total 5632K, used 5152K [0x00000000d5580000, 0x00000000d5c00000, 0x0000000100000000)
  eden space 4608K, 100% used [0x00000000d5580000,0x00000000d5a00000,0x00000000d5a00000)
  from space 1024K, 53% used [0x00000000d5a00000,0x00000000d5a88000,0x00000000d5b00000)
  to   space 1024K, 0% used [0x00000000d5b00000,0x00000000d5b00000,0x00000000d5c00000)
 ParOldGen       total 561152K, used 560725K [0x0000000080000000, 0x00000000a2400000, 0x00000000d5580000)
  object space 561152K, 99% used [0x0000000080000000,0x00000000a2395798,0x00000000a2400000)
 Metaspace       used 74325K, committed 75840K, reserved 1179648K
  class space    used 7856K, committed 8576K, reserved 1048576K
}
Event: 540.352 GC heap after
{Heap after GC invocations=745 (full 3):
 PSYoungGen      total 5632K, used 576K [0x00000000d5580000, 0x00000000d5c00000, 0x0000000100000000)
  eden space 4608K, 0% used [0x00000000d5580000,0x00000000d5580000,0x00000000d5a00000)
  from space 1024K, 56% used [0x00000000d5b00000,0x00000000d5b90000,0x00000000d5c00000)
  to   space 1024K, 0% used [0x00000000d5a00000,0x00000000d5a00000,0x00000000d5b00000)
 ParOldGen       total 561664K, used 561229K [0x0000000080000000, 0x00000000a2480000, 0x00000000d5580000)
  object space 561664K, 99% used [0x0000000080000000,0x00000000a2413798,0x00000000a2480000)
 Metaspace       used 74325K, committed 75840K, reserved 1179648K
  class space    used 7856K, committed 8576K, reserved 1048576K
}
Event: 541.009 GC heap before
{Heap before GC invocations=746 (full 3):
 PSYoungGen      total 5632K, used 5184K [0x00000000d5580000, 0x00000000d5c00000, 0x0000000100000000)
  eden space 4608K, 100% used [0x00000000d5580000,0x00000000d5a00000,0x00000000d5a00000)
  from space 1024K, 56% used [0x00000000d5b00000,0x00000000d5b90000,0x00000000d5c00000)
  to   space 1024K, 0% used [0x00000000d5a00000,0x00000000d5a00000,0x00000000d5b00000)
 ParOldGen       total 561664K, used 561229K [0x0000000080000000, 0x00000000a2480000, 0x00000000d5580000)
  object space 561664K, 99% used [0x0000000080000000,0x00000000a2413798,0x00000000a2480000)
 Metaspace       used 74325K, committed 75840K, reserved 1179648K
  class space    used 7856K, committed 8576K, reserved 1048576K
}
Event: 541.025 GC heap after
{Heap after GC invocations=746 (full 3):
 PSYoungGen      total 5632K, used 556K [0x00000000d5580000, 0x00000000d5c00000, 0x0000000100000000)
  eden space 4608K, 0% used [0x00000000d5580000,0x00000000d5580000,0x00000000d5a00000)
  from space 1024K, 54% used [0x00000000d5a00000,0x00000000d5a8b008,0x00000000d5b00000)
  to   space 1024K, 0% used [0x00000000d5b00000,0x00000000d5b00000,0x00000000d5c00000)
 ParOldGen       total 562176K, used 561709K [0x0000000080000000, 0x00000000a2500000, 0x00000000d5580000)
  object space 562176K, 99% used [0x0000000080000000,0x00000000a248b798,0x00000000a2500000)
 Metaspace       used 74325K, committed 75840K, reserved 1179648K
  class space    used 7856K, committed 8576K, reserved 1048576K
}
Event: 541.946 GC heap before
{Heap before GC invocations=747 (full 3):
 PSYoungGen      total 5632K, used 5164K [0x00000000d5580000, 0x00000000d5c00000, 0x0000000100000000)
  eden space 4608K, 100% used [0x00000000d5580000,0x00000000d5a00000,0x00000000d5a00000)
  from space 1024K, 54% used [0x00000000d5a00000,0x00000000d5a8b008,0x00000000d5b00000)
  to   space 1024K, 0% used [0x00000000d5b00000,0x00000000d5b00000,0x00000000d5c00000)
 ParOldGen       total 562176K, used 561709K [0x0000000080000000, 0x00000000a2500000, 0x00000000d5580000)
  object space 562176K, 99% used [0x0000000080000000,0x00000000a248b798,0x00000000a2500000)
 Metaspace       used 74325K, committed 75840K, reserved 1179648K
  class space    used 7856K, committed 8576K, reserved 1048576K
}
Event: 541.950 GC heap after
{Heap after GC invocations=747 (full 3):
 PSYoungGen      total 5120K, used 288K [0x00000000d5580000, 0x00000000d5b80000, 0x0000000100000000)
  eden space 4608K, 0% used [0x00000000d5580000,0x00000000d5580000,0x00000000d5a00000)
  from space 512K, 56% used [0x00000000d5b00000,0x00000000d5b48000,0x00000000d5b80000)
  to   space 512K, 0% used [0x00000000d5a80000,0x00000000d5a80000,0x00000000d5b00000)
 ParOldGen       total 562176K, used 562105K [0x0000000080000000, 0x00000000a2500000, 0x00000000d5580000)
  object space 562176K, 99% used [0x0000000080000000,0x00000000a24ee7a0,0x00000000a2500000)
 Metaspace       used 74325K, committed 75840K, reserved 1179648K
  class space    used 7856K, committed 8576K, reserved 1048576K
}
Event: 542.688 GC heap before
{Heap before GC invocations=748 (full 3):
 PSYoungGen      total 5120K, used 4896K [0x00000000d5580000, 0x00000000d5b80000, 0x0000000100000000)
  eden space 4608K, 100% used [0x00000000d5580000,0x00000000d5a00000,0x00000000d5a00000)
  from space 512K, 56% used [0x00000000d5b00000,0x00000000d5b48000,0x00000000d5b80000)
  to   space 512K, 0% used [0x00000000d5a80000,0x00000000d5a80000,0x00000000d5b00000)
 ParOldGen       total 562176K, used 562105K [0x0000000080000000, 0x00000000a2500000, 0x00000000d5580000)
  object space 562176K, 99% used [0x0000000080000000,0x00000000a24ee7a0,0x00000000a2500000)
 Metaspace       used 74326K, committed 75840K, reserved 1179648K
  class space    used 7856K, committed 8576K, reserved 1048576K
}
Event: 542.692 GC heap after
{Heap after GC invocations=748 (full 3):
 PSYoungGen      total 5120K, used 512K [0x00000000d5580000, 0x00000000d5c00000, 0x0000000100000000)
  eden space 4608K, 0% used [0x00000000d5580000,0x00000000d5580000,0x00000000d5a00000)
  from space 512K, 100% used [0x00000000d5a80000,0x00000000d5b00000,0x00000000d5b00000)
  to   space 1024K, 0% used [0x00000000d5b00000,0x00000000d5b00000,0x00000000d5c00000)
 ParOldGen       total 562688K, used 562217K [0x0000000080000000, 0x00000000a2580000, 0x00000000d5580000)
  object space 562688K, 99% used [0x0000000080000000,0x00000000a250a7a0,0x00000000a2580000)
 Metaspace       used 74326K, committed 75840K, reserved 1179648K
  class space    used 7856K, committed 8576K, reserved 1048576K
}
Event: 542.707 GC heap before
{Heap before GC invocations=749 (full 3):
 PSYoungGen      total 5120K, used 5120K [0x00000000d5580000, 0x00000000d5c00000, 0x0000000100000000)
  eden space 4608K, 100% used [0x00000000d5580000,0x00000000d5a00000,0x00000000d5a00000)
  from space 512K, 100% used [0x00000000d5a80000,0x00000000d5b00000,0x00000000d5b00000)
  to   space 1024K, 0% used [0x00000000d5b00000,0x00000000d5b00000,0x00000000d5c00000)
 ParOldGen       total 562688K, used 562217K [0x0000000080000000, 0x00000000a2580000, 0x00000000d5580000)
  object space 562688K, 99% used [0x0000000080000000,0x00000000a250a7a0,0x00000000a2580000)
 Metaspace       used 74326K, committed 75840K, reserved 1179648K
  class space    used 7856K, committed 8576K, reserved 1048576K
}
Event: 542.711 GC heap after
{Heap after GC invocations=749 (full 3):
 PSYoungGen      total 5632K, used 576K [0x00000000d5580000, 0x00000000d5c00000, 0x0000000100000000)
  eden space 4608K, 0% used [0x00000000d5580000,0x00000000d5580000,0x00000000d5a00000)
  from space 1024K, 56% used [0x00000000d5b00000,0x00000000d5b90000,0x00000000d5c00000)
  to   space 1024K, 0% used [0x00000000d5a00000,0x00000000d5a00000,0x00000000d5b00000)
 ParOldGen       total 563200K, used 562704K [0x0000000080000000, 0x00000000a2600000, 0x00000000d5580000)
  object space 563200K, 99% used [0x0000000080000000,0x00000000a2584350,0x00000000a2600000)
 Metaspace       used 74326K, committed 75840K, reserved 1179648K
  class space    used 7856K, committed 8576K, reserved 1048576K
}

